<?xml version="1.0" encoding="UTF-8"?>
<testsuite xmlns:xsi="http://www.w3.org/2001/XMLSchema-instance" xsi:noNamespaceSchemaLocation="https://maven.apache.org/surefire/maven-surefire-plugin/xsd/surefire-test-report.xsd" name="aula_inatel.trabalho_karate.TrabalhoKarate" time="7.16" tests="7" errors="0" skipped="0" failures="0">
  <properties>
[...]
</properties>
  <testcase name="testeKarate[1][1]" classname="aula_inatel.trabalho_karate.TrabalhoKarate" time="1.816"/>
  <testcase name="testeKarate[1][2]" classname="aula_inatel.trabalho_karate.TrabalhoKarate" time="0.879"/>
  <testcase name="testeKarate[1][3]" classname="aula_inatel.trabalho_karate.TrabalhoKarate" time="0.681"/>
  <testcase name="testeKarate[1][4]" classname="aula_inatel.trabalho_karate.TrabalhoKarate" time="0.67"/>
  <testcase name="testeKarate[1][5]" classname="aula_inatel.trabalho_karate.TrabalhoKarate" time="0.68"/>
  <testcase name="testeKarate[1][6]" classname="aula_inatel.trabalho_karate.TrabalhoKarate" time="0.753"/>
  <testcase name="testeKarate[1][7]" classname="aula_inatel.trabalho_karate.TrabalhoKarate" time="1.167"/>
</testsuite>